<?xml version="1.0" encoding="UTF-8"?>
<!-- Generated by org.testng.reporters.JUnitReportReporter -->
<testsuite hostname="LAPYPRINCE" failures="0" tests="1" name="Test.FinalTest" time="7.969" errors="0" timestamp="2024-08-10T13:13:14 IST" skipped="0">
  <testcase classname="Test.FinalTest" name="logintest" time="7.969"/>
</testsuite> <!-- Test.FinalTest -->
